0 info it worked if it ends with ok
1 verbose cli [ '/home/ubuntu/.nvm/v0.10.35/bin/node',
1 verbose cli   '/home/ubuntu/.nvm/v0.10.35/bin/npm',
1 verbose cli   'install',
1 verbose cli   'nodemon',
1 verbose cli   '1.4.1' ]
2 info using npm@1.4.28
3 info using node@v0.10.35
4 warn package.json querystring@0.2.0 querystring is also the name of a node core module.
5 verbose readDependencies using package.json deps
6 verbose cache add [ 'nodemon', null ]
7 verbose cache add name=undefined spec="nodemon" args=["nodemon",null]
8 verbose parsed url { protocol: null,
8 verbose parsed url   slashes: null,
8 verbose parsed url   auth: null,
8 verbose parsed url   host: null,
8 verbose parsed url   port: null,
8 verbose parsed url   hostname: null,
8 verbose parsed url   hash: null,
8 verbose parsed url   search: null,
8 verbose parsed url   query: null,
8 verbose parsed url   pathname: 'nodemon',
8 verbose parsed url   path: 'nodemon',
8 verbose parsed url   href: 'nodemon' }
9 verbose cache add [ '1.4.1', null ]
10 verbose cache add name=undefined spec="1.4.1" args=["1.4.1",null]
11 verbose parsed url { protocol: null,
11 verbose parsed url   slashes: null,
11 verbose parsed url   auth: null,
11 verbose parsed url   host: null,
11 verbose parsed url   port: null,
11 verbose parsed url   hostname: null,
11 verbose parsed url   hash: null,
11 verbose parsed url   search: null,
11 verbose parsed url   query: null,
11 verbose parsed url   pathname: '1.4.1',
11 verbose parsed url   path: '1.4.1',
11 verbose parsed url   href: '1.4.1' }
12 silly lockFile 1625b929-nodemon nodemon
13 verbose lock nodemon /home/ubuntu/.npm/1625b929-nodemon.lock
14 silly lockFile a9ec402f-1-4-1 1.4.1
15 verbose lock 1.4.1 /home/ubuntu/.npm/a9ec402f-1-4-1.lock
16 silly lockFile 1625b929-nodemon nodemon
17 silly lockFile 1625b929-nodemon nodemon
18 silly lockFile a9ec402f-1-4-1 1.4.1
19 silly lockFile a9ec402f-1-4-1 1.4.1
20 verbose addNamed [ 'nodemon', '' ]
21 verbose addNamed [ null, '*' ]
22 silly lockFile 4f5e51c6-nodemon nodemon@
23 verbose lock nodemon@ /home/ubuntu/.npm/4f5e51c6-nodemon.lock
24 verbose addNamed [ '1.4.1', '' ]
25 verbose addNamed [ null, '*' ]
26 silly lockFile a891bad7-1-4-1 1.4.1@
27 verbose lock 1.4.1@ /home/ubuntu/.npm/a891bad7-1-4-1.lock
28 silly addNameRange { name: 'nodemon', range: '*', hasData: false }
29 silly addNameRange { name: '1.4.1', range: '*', hasData: false }
30 verbose request where is /1.4.1
31 verbose request registry https://registry.npmjs.org/
32 verbose request id 3bf98d62d84ab153
33 verbose url raw /1.4.1
34 verbose url resolving [ 'https://registry.npmjs.org/', './1.4.1' ]
35 verbose url resolved https://registry.npmjs.org/1.4.1
36 verbose request where is https://registry.npmjs.org/1.4.1
37 info trying registry request attempt 1 at 21:36:36
38 http GET https://registry.npmjs.org/1.4.1
39 verbose request where is /nodemon
40 verbose request registry https://registry.npmjs.org/
41 verbose url raw /nodemon
42 verbose url resolving [ 'https://registry.npmjs.org/', './nodemon' ]
43 verbose url resolved https://registry.npmjs.org/nodemon
44 verbose request where is https://registry.npmjs.org/nodemon
45 info trying registry request attempt 1 at 21:36:36
46 verbose etag W/"59b74d5c-32754"
47 http GET https://registry.npmjs.org/nodemon
48 http 304 https://registry.npmjs.org/nodemon
49 silly registry.get cb [ 304,
49 silly registry.get   { date: 'Tue, 12 Sep 2017 13:36:36 GMT',
49 silly registry.get     via: '1.1 varnish',
49 silly registry.get     'cache-control': 'max-age=300',
49 silly registry.get     etag: 'W/"59b74d5c-32754"',
49 silly registry.get     age: '128',
49 silly registry.get     connection: 'keep-alive',
49 silly registry.get     'x-served-by': 'cache-hkg17933-HKG',
49 silly registry.get     'x-cache': 'HIT',
49 silly registry.get     'x-cache-hits': '1',
49 silly registry.get     'x-timer': 'S1505223396.256671,VS0,VE0',
49 silly registry.get     vary: 'Accept-Encoding, Accept' } ]
50 verbose etag https://registry.npmjs.org/nodemon from cache
51 silly addNameRange number 2 { name: 'nodemon', range: '*', hasData: true }
52 silly addNameRange versions [ 'nodemon',
52 silly addNameRange   [ '0.1.4',
52 silly addNameRange     '0.1.5',
52 silly addNameRange     '0.1.6',
52 silly addNameRange     '0.1.7',
52 silly addNameRange     '0.1.8',
52 silly addNameRange     '0.2.0',
52 silly addNameRange     '0.2.1',
52 silly addNameRange     '0.2.2',
52 silly addNameRange     '0.3.0',
52 silly addNameRange     '0.3.1',
52 silly addNameRange     '0.3.2',
52 silly addNameRange     '0.4.0',
52 silly addNameRange     '0.4.1',
52 silly addNameRange     '0.5.0',
52 silly addNameRange     '0.5.1',
52 silly addNameRange     '0.5.2',
52 silly addNameRange     '0.5.3',
52 silly addNameRange     '0.5.4',
52 silly addNameRange     '0.5.5',
52 silly addNameRange     '0.5.6',
52 silly addNameRange     '0.5.7',
52 silly addNameRange     '0.6.0',
52 silly addNameRange     '0.6.1',
52 silly addNameRange     '0.6.2',
52 silly addNameRange     '0.6.3',
52 silly addNameRange     '0.6.4',
52 silly addNameRange     '0.6.5',
52 silly addNameRange     '0.6.6',
52 silly addNameRange     '0.6.7',
52 silly addNameRange     '0.6.8',
52 silly addNameRange     '0.6.9',
52 silly addNameRange     '0.6.10',
52 silly addNameRange     '0.6.11',
52 silly addNameRange     '0.6.12',
52 silly addNameRange     '0.6.13',
52 silly addNameRange     '0.6.14',
52 silly addNameRange     '0.6.15',
52 silly addNameRange     '0.6.16',
52 silly addNameRange     '0.6.17',
52 silly addNameRange     '0.6.18',
52 silly addNameRange     '0.6.19',
52 silly addNameRange     '0.6.20',
52 silly addNameRange     '0.6.21',
52 silly addNameRange     '0.6.22',
52 silly addNameRange     '0.6.23',
52 silly addNameRange     '0.7.0',
52 silly addNameRange     '0.7.1',
52 silly addNameRange     '0.7.2',
52 silly addNameRange     '0.7.3',
52 silly addNameRange     '0.7.4',
52 silly addNameRange     '0.7.5',
52 silly addNameRange     '0.7.6',
52 silly addNameRange     '0.7.7',
52 silly addNameRange     '0.7.8',
52 silly addNameRange     '0.7.10',
52 silly addNameRange     '0.9.0',
52 silly addNameRange     '0.9.1',
52 silly addNameRange     '0.9.2',
52 silly addNameRange     '0.9.3',
52 silly addNameRange     '0.9.5',
52 silly addNameRange     '0.9.6',
52 silly addNameRange     '0.9.7',
52 silly addNameRange     '0.9.10',
52 silly addNameRange     '0.9.11',
52 silly addNameRange     '0.9.12',
52 silly addNameRange     '0.9.14',
52 silly addNameRange     '0.9.16',
52 silly addNameRange     '0.9.17',
52 silly addNameRange     '1.0.0',
52 silly addNameRange     '1.0.1',
52 silly addNameRange     '1.0.2',
52 silly addNameRange     '1.0.2-rc',
52 silly addNameRange     '0.6.10-a',
52 silly addNameRange     '1.0.2-rc3',
52 silly addNameRange     '1.0.2-rc4',
52 silly addNameRange     '1.0.3',
52 silly addNameRange     '1.0.4',
52 silly addNameRange     '1.0.5',
52 silly addNameRange     '1.0.6',
52 silly addNameRange     '1.0.7',
52 silly addNameRange     '1.0.8',
52 silly addNameRange     '1.0.9',
52 silly addNameRange     '1.0.10',
52 silly addNameRange     '1.0.11',
52 silly addNameRange     '1.0.12',
52 silly addNameRange     '1.0.13',
52 silly addNameRange     '1.0.14',
52 silly addNameRange     '1.0.15',
52 silly addNameRange     '1.0.16',
52 silly addNameRange     '1.0.17-rc1',
52 silly addNameRange     '1.0.17-rc2',
52 silly addNameRange     '1.0.17',
52 silly addNameRange     '1.0.18',
52 silly addNameRange     '1.0.19',
52 silly addNameRange     '1.0.20',
52 silly addNameRange     '1.1.0-alpha',
52 silly addNameRange     '1.1.0',
52 silly addNameRange     '1.1.1',
52 silly addNameRange     '1.2.0',
52 silly addNameRange     '1.2.1',
52 silly addNameRange     '1.3.0-0',
52 silly addNameRange     '1.3.0-1',
52 silly addNameRange     '1.3.0-2',
52 silly addNameRange     '1.3.0-3',
52 silly addNameRange     '1.3.0-4',
52 silly addNameRange     '1.3.0-5',
52 silly addNameRange     '1.3.0-6',
52 silly addNameRange     '1.3.0-7',
52 silly addNameRange     '1.3.0',
52 silly addNameRange     '1.3.1',
52 silly addNameRange     '1.3.2',
52 silly addNameRange     '1.3.3',
52 silly addNameRange     '1.3.5',
52 silly addNameRange     '1.3.6',
52 silly addNameRange     '1.3.7',
52 silly addNameRange     '1.3.8',
52 silly addNameRange     '1.4.0',
52 silly addNameRange     '1.4.1',
52 silly addNameRange     '1.5.0-alpha1',
52 silly addNameRange     '1.5.0-alpha2',
52 silly addNameRange     '1.5.0-alpha3',
52 silly addNameRange     '1.5.0-alpha4',
52 silly addNameRange     '1.4.2',
52 silly addNameRange     '1.5.0',
52 silly addNameRange     '1.5.1',
52 silly addNameRange     '1.6.0',
52 silly addNameRange     '1.6.1',
52 silly addNameRange     '1.7.0',
52 silly addNameRange     '1.7.1',
52 silly addNameRange     '1.7.2',
52 silly addNameRange     '1.7.3',
52 silly addNameRange     '1.8.0',
52 silly addNameRange     '1.8.1',
52 silly addNameRange     '1.9.0',
52 silly addNameRange     '1.9.1',
52 silly addNameRange     '1.9.2',
52 silly addNameRange     '1.10.0',
52 silly addNameRange     '1.10.1',
52 silly addNameRange     '1.10.2',
52 silly addNameRange     '1.11.0',
52 silly addNameRange     '1.11.1',
52 silly addNameRange     '1.12.0' ] ]
53 verbose addNamed [ 'nodemon', '1.12.0' ]
54 verbose addNamed [ '1.12.0', '1.12.0' ]
55 silly lockFile 74d57d99-nodemon-1-12-0 nodemon@1.12.0
56 verbose lock nodemon@1.12.0 /home/ubuntu/.npm/74d57d99-nodemon-1-12-0.lock
57 silly lockFile 74d57d99-nodemon-1-12-0 nodemon@1.12.0
58 silly lockFile 74d57d99-nodemon-1-12-0 nodemon@1.12.0
59 silly lockFile 4f5e51c6-nodemon nodemon@
60 silly lockFile 4f5e51c6-nodemon nodemon@
61 http 404 https://registry.npmjs.org/1.4.1
62 silly registry.get cb [ 404,
62 silly registry.get   { 'content-type': 'application/json',
62 silly registry.get     'cache-control': 'max-age=0',
62 silly registry.get     'content-length': '2',
62 silly registry.get     'accept-ranges': 'bytes',
62 silly registry.get     date: 'Tue, 12 Sep 2017 13:36:38 GMT',
62 silly registry.get     via: '1.1 varnish',
62 silly registry.get     age: '0',
62 silly registry.get     connection: 'keep-alive',
62 silly registry.get     'x-served-by': 'cache-hkg17930-HKG',
62 silly registry.get     'x-cache': 'MISS',
62 silly registry.get     'x-cache-hits': '0',
62 silly registry.get     'x-timer': 'S1505223396.262966,VS0,VE1836',
62 silly registry.get     vary: 'Accept-Encoding' } ]
63 silly lockFile a891bad7-1-4-1 1.4.1@
64 silly lockFile a891bad7-1-4-1 1.4.1@
65 error 404 Not Found
65 error 404
65 error 404 '1.4.1' is not in the npm registry.
65 error 404 You should bug the author to publish it
65 error 404 It was specified as a dependency of 'myapp'
65 error 404
65 error 404 Note that you can also install from a
65 error 404 tarball, folder, or http url, or git url.
66 error System Linux 4.9.17-c9
67 error command "/home/ubuntu/.nvm/v0.10.35/bin/node" "/home/ubuntu/.nvm/v0.10.35/bin/npm" "install" "nodemon" "1.4.1"
68 error cwd /home/ubuntu/workspace/node.js/myapp
69 error node -v v0.10.35
70 error npm -v 1.4.28
71 error code E404
72 verbose exit [ 1, true ]
